2022-01-29 13:36:15 - Method:findFlights() Mon Feb 05 00:00:00 PKT 2018
2022-01-29 13:36:15 - Method:findFlights() Mon Feb 05 00:00:00 PKT 2018
2022-01-29 13:36:15 - Method:findFlights() Mon Feb 05 00:00:00 PKT 2018
2022-01-29 13:36:15 - Method:findFlights() Mon Feb 05 00:00:00 PKT 2018
2022-01-29 13:36:15 - Method:findFlights() Mon Feb 05 00:00:00 PKT 2018
2022-01-29 13:36:15 - Method:findFlights() Mon Feb 05 00:00:00 PKT 2018
2022-01-29 13:36:15 - Method:findFlights() Mon Feb 05 00:00:00 PKT 2018
2022-01-29 13:36:15 - Method:findFlights() Mon Feb 05 00:00:00 PKT 2018
2022-01-29 13:36:15 - Method:findFlights() Mon Feb 05 00:00:00 PKT 2018
2022-01-29 13:36:15 - Method:findFlights() Mon Feb 05 00:00:00 PKT 2018
2022-01-29 13:36:15 - Method:findFlights() Mon Feb 05 00:00:00 PKT 2018
2022-01-29 13:36:15 - Method:findFlights() Mon Feb 05 00:00:00 PKT 2018
2022-01-29 13:36:15 - Method:findFlights() Mon Feb 05 00:00:00 PKT 2018
2022-01-29 13:36:15 - Method:findFlights() Mon Feb 05 00:00:00 PKT 2018
2022-01-29 13:36:15 - Method:findFlights() Mon Feb 05 00:00:00 PKT 2018
2022-01-29 13:36:15 - Method:findFlights() Mon Feb 05 00:00:00 PKT 2018
2022-01-29 13:36:15 - Method:findFlights() Mon Feb 05 00:00:00 PKT 2018
2022-01-29 13:36:15 - Method:findFlights() Mon Feb 05 00:00:00 PKT 2018
2022-01-29 13:36:15 - Method:findFlights() Mon Feb 05 00:00:00 PKT 2018
2022-01-29 13:36:15 - Method:findFlights() Mon Feb 05 00:00:00 PKT 2018
2022-01-29 13:36:15 - Method:findFlights() Mon Feb 05 00:00:00 PKT 2018
2022-01-29 13:36:15 - Method:findFlights() Mon Feb 05 00:00:00 PKT 2018
2022-01-29 13:36:15 - Method:findFlights() Mon Feb 05 00:00:00 PKT 2018
2022-01-29 13:36:15 - Method:findFlights() Mon Feb 05 00:00:00 PKT 2018
2022-01-29 13:36:15 - Method:findFlights() Mon Feb 05 00:00:00 PKT 2018
2022-01-29 13:36:15 - Method:findFlights() Mon Feb 05 00:00:00 PKT 2018
2022-01-29 13:36:15 - Method:findFlights() Mon Feb 05 00:00:00 PKT 2018
2022-01-29 13:36:15 - Method:findFlights() Mon Feb 05 00:00:00 PKT 2018
2022-01-29 13:36:15 - Method:findFlights() Mon Feb 05 00:00:00 PKT 2018
2022-01-29 13:36:15 - Method:findFlights() Mon Feb 05 00:00:00 PKT 2018
2022-01-29 13:36:15 - Method:findFlights() Mon Feb 05 00:00:00 PKT 2018
2022-01-29 13:36:15 - Method:findFlights() Mon Feb 05 00:00:00 PKT 2018
2022-01-29 13:36:15 - Method:findFlights() Mon Feb 05 00:00:00 PKT 2018
2022-01-29 13:36:15 - Method:findFlights() Mon Feb 05 00:00:00 PKT 2018
2022-01-29 13:36:15 - Method:findFlights() Mon Feb 05 00:00:00 PKT 2018
2022-01-29 13:36:15 - Method:findFlights() Mon Feb 05 00:00:00 PKT 2018
2022-01-29 13:36:15 - Method:findFlights() Mon Feb 05 00:00:00 PKT 2018
2022-01-29 13:36:15 - Method:findFlights() Mon Feb 05 00:00:00 PKT 2018
2022-01-29 13:36:15 - Method:findFlights() Mon Feb 05 00:00:00 PKT 2018
2022-01-29 13:36:15 - Method:findFlights() Mon Feb 05 00:00:00 PKT 2018
2022-01-29 13:36:15 - Method:findFlights() Mon Feb 05 00:00:00 PKT 2018
2022-01-29 13:36:15 - Method:findFlights() Mon Feb 05 00:00:00 PKT 2018
2022-01-29 13:36:15 - Method:findFlights() Mon Feb 05 00:00:00 PKT 2018
2022-01-29 13:36:15 - Method:findFlights() Mon Feb 05 00:00:00 PKT 2018
2022-01-29 13:36:15 - Method:findFlights() Mon Feb 05 00:00:00 PKT 2018
2022-01-29 13:36:15 - Method:findFlights() Mon Feb 05 00:00:00 PKT 2018
2022-01-29 13:36:15 - Method:findFlights() Mon Feb 05 00:00:00 PKT 2018
2022-01-29 13:36:15 - Method:findFlights() Mon Feb 05 00:00:00 PKT 2018
2022-01-29 13:36:15 - Method:findFlights() Mon Feb 05 00:00:00 PKT 2018
2022-01-29 13:36:15 - Method:findFlights() Mon Feb 05 00:00:00 PKT 2018
2022-01-29 13:36:15 - Method:findFlights() Mon Feb 05 00:00:00 PKT 2018
2022-01-29 13:36:15 - Method:findFlights() Mon Feb 05 00:00:00 PKT 2018
2022-01-29 13:36:15 - Method:findFlights() Mon Feb 05 00:00:00 PKT 2018
2022-01-29 13:36:15 - Method:findFlights() Mon Feb 05 00:00:00 PKT 2018
2022-01-29 13:36:15 - Method:findFlights() Mon Feb 05 00:00:00 PKT 2018
2022-01-29 13:36:15 - Method:findFlights() Mon Feb 05 00:00:00 PKT 2018
2022-01-29 13:36:15 - Method:findFlights() Mon Feb 05 00:00:00 PKT 2018
2022-01-29 13:36:15 - Method:findFlights() Mon Feb 05 00:00:00 PKT 2018
2022-01-29 13:36:15 - Method:findFlights() Mon Feb 05 00:00:00 PKT 2018
2022-01-29 13:36:15 - Method:findFlights() Mon Feb 05 00:00:00 PKT 2018
2022-01-29 13:36:15 - Method:findFlights() Mon Feb 05 00:00:00 PKT 2018
2022-01-29 13:36:15 - Method:findFlights() Mon Feb 05 00:00:00 PKT 2018
2022-01-29 13:36:15 - Method:findFlights() Mon Feb 05 00:00:00 PKT 2018
2022-01-29 13:36:15 - Method:findFlights() Mon Feb 05 00:00:00 PKT 2018
2022-01-29 13:36:15 - Method:findFlights() Mon Feb 05 00:00:00 PKT 2018
2022-01-29 13:36:15 - Method:findFlights() Mon Feb 05 00:00:00 PKT 2018
2022-01-29 13:36:15 - Method:findFlights() Mon Feb 05 00:00:00 PKT 2018
2022-01-29 13:36:15 - Method:findFlights() Mon Feb 05 00:00:00 PKT 2018
2022-01-29 13:36:15 - Method:findFlights() Mon Feb 05 00:00:00 PKT 2018
2022-01-29 13:36:15 - Method:findFlights() Mon Feb 05 00:00:00 PKT 2018
2022-01-29 13:36:15 - Method:findFlights() Mon Feb 05 00:00:00 PKT 2018
2022-01-29 13:36:15 - Method:findFlights() Mon Feb 05 00:00:00 PKT 2018
2022-01-29 13:36:15 - Method:findFlights() Mon Feb 05 00:00:00 PKT 2018
2022-01-29 13:36:15 - Method:findFlights() Mon Feb 05 00:00:00 PKT 2018
2022-01-29 13:36:15 - Method:findFlights() Mon Feb 05 00:00:00 PKT 2018
2022-01-29 13:36:15 - Method:findFlights() Mon Feb 05 00:00:00 PKT 2018
2022-01-29 13:36:15 - Method:findFlights() Mon Feb 05 00:00:00 PKT 2018
2022-01-29 13:36:15 - Method:findFlights() Mon Feb 05 00:00:00 PKT 2018
2022-01-29 13:36:15 - Method:findFlights() Mon Feb 05 00:00:00 PKT 2018
2022-01-29 13:36:15 - Method:findFlights() Mon Feb 05 00:00:00 PKT 2018
2022-01-29 13:36:15 - Method:findFlights() Mon Feb 05 00:00:00 PKT 2018
2022-01-29 13:36:15 - Method:findFlights() Mon Feb 05 00:00:00 PKT 2018
2022-01-29 13:36:15 - Method:findFlights() Mon Feb 05 00:00:00 PKT 2018
2022-01-29 13:36:15 - Method:findFlights() Mon Feb 05 00:00:00 PKT 2018
2022-01-29 13:36:15 - Method:findFlights() Mon Feb 05 00:00:00 PKT 2018
2022-01-29 13:36:15 - Method:findFlights() Mon Feb 05 00:00:00 PKT 2018
2022-01-29 13:36:15 - Method:findFlights() Mon Feb 05 00:00:00 PKT 2018
2022-01-29 13:36:15 - Method:findFlights() Mon Feb 05 00:00:00 PKT 2018
2022-01-29 13:36:15 - Method:findFlights() Mon Feb 05 00:00:00 PKT 2018
2022-01-29 13:36:15 - Method:findFlights() Mon Feb 05 00:00:00 PKT 2018
2022-01-29 13:36:15 - Method:findFlights() Mon Feb 05 00:00:00 PKT 2018
2022-01-29 13:36:15 - Method:findFlights() Mon Feb 05 00:00:00 PKT 2018
2022-01-29 13:36:15 - Method:findFlights() Mon Feb 05 00:00:00 PKT 2018
2022-01-29 13:36:15 - Method:findFlights() Mon Feb 05 00:00:00 PKT 2018
2022-01-29 13:36:15 - Method:findFlights() Mon Feb 05 00:00:00 PKT 2018
2022-01-29 13:36:15 - Method:findFlights() Mon Feb 05 00:00:00 PKT 2018
2022-01-29 13:36:15 - Method:findFlights() Mon Feb 05 00:00:00 PKT 2018
2022-01-29 13:36:15 - Method:findFlights() Mon Feb 05 00:00:00 PKT 2018
2022-01-29 13:36:15 - Method:findFlights() Mon Feb 05 00:00:00 PKT 2018
2022-01-29 13:36:15 - Method:findFlights() Mon Feb 05 00:00:00 PKT 2018
2022-01-29 13:36:15 - Method:findFlights() Mon Feb 05 00:00:00 PKT 2018
2022-01-29 13:36:15 - Method:findFlights() Mon Feb 05 00:00:00 PKT 2018
2022-01-29 13:36:15 - Method:findFlights() Mon Feb 05 00:00:00 PKT 2018
2022-01-29 13:36:15 - Error parsing HTTP request header
 Note: further occurrences of HTTP request parsing errors will be logged at DEBUG level.
java.lang.IllegalArgumentException: Request header is too large
	at org.apache.coyote.http11.Http11InputBuffer.fill(Http11InputBuffer.java:790)
	at org.apache.coyote.http11.Http11InputBuffer.parseHeader(Http11InputBuffer.java:1000)
	at org.apache.coyote.http11.Http11InputBuffer.parseHeaders(Http11InputBuffer.java:604)
	at org.apache.coyote.http11.Http11Processor.service(Http11Processor.java:292)
	at org.apache.coyote.AbstractProcessorLight.process(AbstractProcessorLight.java:65)
	at org.apache.coyote.AbstractProtocol$ConnectionHandler.process(AbstractProtocol.java:895)
	at org.apache.tomcat.util.net.NioEndpoint$SocketProcessor.doRun(NioEndpoint.java:1722)
	at org.apache.tomcat.util.net.SocketProcessorBase.run(SocketProcessorBase.java:49)
	at org.apache.tomcat.util.threads.ThreadPoolExecutor.runWorker(ThreadPoolExecutor.java:1191)
	at org.apache.tomcat.util.threads.ThreadPoolExecutor$Worker.run(ThreadPoolExecutor.java:659)
	at org.apache.tomcat.util.threads.TaskThread$WrappingRunnable.run(TaskThread.java:61)
	at java.base/java.lang.Thread.run(Thread.java:831)
2022-01-29 13:36:15 - Error parsing HTTP request header
 Note: further occurrences of HTTP request parsing errors will be logged at DEBUG level.
java.lang.IllegalArgumentException: Request header is too large
	at org.apache.coyote.http11.Http11InputBuffer.fill(Http11InputBuffer.java:790)
	at org.apache.coyote.http11.Http11InputBuffer.parseHeader(Http11InputBuffer.java:958)
	at org.apache.coyote.http11.Http11InputBuffer.parseHeaders(Http11InputBuffer.java:604)
	at org.apache.coyote.http11.Http11Processor.service(Http11Processor.java:292)
	at org.apache.coyote.AbstractProcessorLight.process(AbstractProcessorLight.java:65)
	at org.apache.coyote.AbstractProtocol$ConnectionHandler.process(AbstractProtocol.java:895)
	at org.apache.tomcat.util.net.NioEndpoint$SocketProcessor.doRun(NioEndpoint.java:1722)
	at org.apache.tomcat.util.net.SocketProcessorBase.run(SocketProcessorBase.java:49)
	at org.apache.tomcat.util.threads.ThreadPoolExecutor.runWorker(ThreadPoolExecutor.java:1191)
	at org.apache.tomcat.util.threads.ThreadPoolExecutor$Worker.run(ThreadPoolExecutor.java:659)
	at org.apache.tomcat.util.threads.TaskThread$WrappingRunnable.run(TaskThread.java:61)
	at java.base/java.lang.Thread.run(Thread.java:831)
2022-01-29 13:36:15 - Error parsing HTTP request header
 Note: further occurrences of HTTP request parsing errors will be logged at DEBUG level.
java.lang.IllegalArgumentException: Request header is too large
	at org.apache.coyote.http11.Http11InputBuffer.fill(Http11InputBuffer.java:790)
	at org.apache.coyote.http11.Http11InputBuffer.parseHeader(Http11InputBuffer.java:958)
	at org.apache.coyote.http11.Http11InputBuffer.parseHeaders(Http11InputBuffer.java:604)
	at org.apache.coyote.http11.Http11Processor.service(Http11Processor.java:292)
	at org.apache.coyote.AbstractProcessorLight.process(AbstractProcessorLight.java:65)
	at org.apache.coyote.AbstractProtocol$ConnectionHandler.process(AbstractProtocol.java:895)
	at org.apache.tomcat.util.net.NioEndpoint$SocketProcessor.doRun(NioEndpoint.java:1722)
	at org.apache.tomcat.util.net.SocketProcessorBase.run(SocketProcessorBase.java:49)
	at org.apache.tomcat.util.threads.ThreadPoolExecutor.runWorker(ThreadPoolExecutor.java:1191)
	at org.apache.tomcat.util.threads.ThreadPoolExecutor$Worker.run(ThreadPoolExecutor.java:659)
	at org.apache.tomcat.util.threads.TaskThread$WrappingRunnable.run(TaskThread.java:61)
	at java.base/java.lang.Thread.run(Thread.java:831)
2022-01-29 13:36:15 - Error parsing HTTP request header
 Note: further occurrences of HTTP request parsing errors will be logged at DEBUG level.
java.lang.IllegalArgumentException: Request header is too large
	at org.apache.coyote.http11.Http11InputBuffer.fill(Http11InputBuffer.java:790)
	at org.apache.coyote.http11.Http11InputBuffer.parseHeader(Http11InputBuffer.java:958)
	at org.apache.coyote.http11.Http11InputBuffer.parseHeaders(Http11InputBuffer.java:604)
	at org.apache.coyote.http11.Http11Processor.service(Http11Processor.java:292)
	at org.apache.coyote.AbstractProcessorLight.process(AbstractProcessorLight.java:65)
	at org.apache.coyote.AbstractProtocol$ConnectionHandler.process(AbstractProtocol.java:895)
	at org.apache.tomcat.util.net.NioEndpoint$SocketProcessor.doRun(NioEndpoint.java:1722)
	at org.apache.tomcat.util.net.SocketProcessorBase.run(SocketProcessorBase.java:49)
	at org.apache.tomcat.util.threads.ThreadPoolExecutor.runWorker(ThreadPoolExecutor.java:1191)
	at org.apache.tomcat.util.threads.ThreadPoolExecutor$Worker.run(ThreadPoolExecutor.java:659)
	at org.apache.tomcat.util.threads.TaskThread$WrappingRunnable.run(TaskThread.java:61)
	at java.base/java.lang.Thread.run(Thread.java:831)
2022-01-29 13:36:15 - Error parsing HTTP request header
 Note: further occurrences of HTTP request parsing errors will be logged at DEBUG level.
java.lang.IllegalArgumentException: Request header is too large
	at org.apache.coyote.http11.Http11InputBuffer.fill(Http11InputBuffer.java:790)
	at org.apache.coyote.http11.Http11InputBuffer.parseHeader(Http11InputBuffer.java:886)
	at org.apache.coyote.http11.Http11InputBuffer.parseHeaders(Http11InputBuffer.java:604)
	at org.apache.coyote.http11.Http11Processor.service(Http11Processor.java:292)
	at org.apache.coyote.AbstractProcessorLight.process(AbstractProcessorLight.java:65)
	at org.apache.coyote.AbstractProtocol$ConnectionHandler.process(AbstractProtocol.java:895)
	at org.apache.tomcat.util.net.NioEndpoint$SocketProcessor.doRun(NioEndpoint.java:1722)
	at org.apache.tomcat.util.net.SocketProcessorBase.run(SocketProcessorBase.java:49)
	at org.apache.tomcat.util.threads.ThreadPoolExecutor.runWorker(ThreadPoolExecutor.java:1191)
	at org.apache.tomcat.util.threads.ThreadPoolExecutor$Worker.run(ThreadPoolExecutor.java:659)
	at org.apache.tomcat.util.threads.TaskThread$WrappingRunnable.run(TaskThread.java:61)
	at java.base/java.lang.Thread.run(Thread.java:831)
